<?xml version="1.0" encoding="UTF-8"?>
<!-- Generated by org.testng.reporters.JUnitReportReporter -->
<testsuite hostname="DESKTOP-9GREGCR" failures="0" tests="4" name="PracticeTestNg.practiceTest2" time="0.037" errors="0" timestamp="2023-09-25T15:21:36 IST" skipped="0">
  <testcase classname="PracticeTestNg.practiceTest2" name="Demo2" time="0.018"/>
  <system-out/>
  <testcase classname="PracticeTestNg.practiceTest2" name="Mobile" time="0.007"/>
  <system-out/>
  <testcase classname="PracticeTestNg.practiceTest2" name="Demo" time="0.003"/>
  <system-out/>
  <testcase classname="PracticeTestNg.practiceTest2" name="NotMobile" time="0.009"/>
  <system-out/>
</testsuite> <!-- PracticeTestNg.practiceTest2 -->
