<?xml version="1.0" encoding="UTF-8"?>
<!-- Generated by org.testng.reporters.JUnitReportReporter -->
<testsuite hostname="DESKTOP-9GREGCR" failures="0" tests="4" name="PracticeTestNg.practiceTestng" time="0.022" errors="0" timestamp="2023-09-25T15:21:36 IST" skipped="0">
  <testcase classname="PracticeTestNg.practiceTestng" name="Second" time="0.004"/>
  <system-out/>
  <testcase classname="PracticeTestNg.practiceTestng" name="Second" time="0.002"/>
  <system-out/>
  <testcase classname="PracticeTestNg.practiceTestng" name="Second" time="0.004"/>
  <system-out/>
  <testcase classname="PracticeTestNg.practiceTestng" name="Demo" time="0.012"/>
  <system-out/>
</testsuite> <!-- PracticeTestNg.practiceTestng -->
