<?xml version="1.0" encoding="UTF-8"?>
<!-- Generated by org.testng.reporters.JUnitReportReporter -->
<testsuite hostname="DESKTOP-9GREGCR" failures="0" tests="1" name="PracticeTestNg.practiceTest1" time="0.005" errors="0" timestamp="2023-09-25T15:21:36 IST" skipped="0">
  <testcase classname="PracticeTestNg.practiceTest1" name="Demo" time="0.005"/>
  <system-out/>
</testsuite> <!-- PracticeTestNg.practiceTest1 -->
