<?xml version="1.0" encoding="UTF-8"?>
<!-- Generated by org.testng.reporters.JUnitReportReporter -->
<testsuite hostname="DESKTOP-9GREGCR" failures="0" tests="1" name="Scratch.pathlocators" time="46.900" errors="0" timestamp="2023-10-11T11:21:36 IST" skipped="0">
  <testcase classname="Scratch.pathlocators" name="practice" time="46.900"/>
  <system-out/>
</testsuite> <!-- Scratch.pathlocators -->
